  [1m[35m (591.7ms)[0m  [1m[35mCREATE DATABASE "Activistbrite_development" ENCODING = 'unicode'[0m
  ↳ bin/rails:9
  [1m[35m (376.6ms)[0m  [1m[35mCREATE DATABASE "Activistbrite_test" ENCODING = 'unicode'[0m
  ↳ bin/rails:9
  [1m[35m (72.2ms)[0m  [1m[35mCREATE TABLE "schema_migrations" ("version" character varying NOT NULL PRIMARY KEY)[0m
  ↳ bin/rails:9
  [1m[35m (7.5ms)[0m  [1m[35mCREATE TABLE "ar_internal_metadata" ("key" character varying NOT NULL PRIMARY KEY, "value" character varying, "created_at" timestamp NOT NULL, "updated_at" timestamp NOT NULL)[0m
  ↳ bin/rails:9
  [1m[35m (1.3ms)[0m  [1m[34mSELECT pg_try_advisory_lock(2313144873462487680)[0m
  ↳ bin/rails:9
  [1m[35m (1.8ms)[0m  [1m[34mSELECT "schema_migrations"."version" FROM "schema_migrations" ORDER BY "schema_migrations"."version" ASC[0m
  ↳ bin/rails:9
Migrating to CreateUsers (20190629220142)
  [1m[35m (2.1ms)[0m  [1m[35mBEGIN[0m
  ↳ bin/rails:9
  [1m[35m (21.7ms)[0m  [1m[35mCREATE TABLE "users" ("id" bigserial primary key, "email" character varying NOT NULL, "password_digest" character varying NOT NULL, "session_token" character varying NOT NULL, "created_at" timestamp NOT NULL, "updated_at" timestamp NOT NULL)[0m
  ↳ db/migrate/20190629220142_create_users.rb:3
  [1m[35m (3.7ms)[0m  [1m[35mCREATE UNIQUE INDEX  "index_users_on_email" ON "users"  ("email")[0m
  ↳ db/migrate/20190629220142_create_users.rb:11
  [1m[35m (1.4ms)[0m  [1m[35mCREATE UNIQUE INDEX  "index_users_on_session_token" ON "users"  ("session_token")[0m
  ↳ db/migrate/20190629220142_create_users.rb:12
  [1m[36mActiveRecord::SchemaMigration Create (3.3ms)[0m  [1m[32mINSERT INTO "schema_migrations" ("version") VALUES ($1) RETURNING "version"[0m  [["version", "20190629220142"]]
  ↳ bin/rails:9
  [1m[35m (0.8ms)[0m  [1m[35mCOMMIT[0m
  ↳ bin/rails:9
  [1m[36mActiveRecord::InternalMetadata Load (0.9ms)[0m  [1m[34mSELECT  "ar_internal_metadata".* FROM "ar_internal_metadata" WHERE "ar_internal_metadata"."key" = $1 LIMIT $2[0m  [["key", "environment"], ["LIMIT", 1]]
  ↳ bin/rails:9
  [1m[35m (0.2ms)[0m  [1m[35mBEGIN[0m
  ↳ bin/rails:9
  [1m[36mActiveRecord::InternalMetadata Create (1.8ms)[0m  [1m[32mINSERT INTO "ar_internal_metadata" ("key", "value", "created_at", "updated_at") VALUES ($1, $2, $3, $4) RETURNING "key"[0m  [["key", "environment"], ["value", "development"], ["created_at", "2019-06-29 22:04:17.547355"], ["updated_at", "2019-06-29 22:04:17.547355"]]
  ↳ bin/rails:9
  [1m[35m (0.6ms)[0m  [1m[35mCOMMIT[0m
  ↳ bin/rails:9
  [1m[35m (1.8ms)[0m  [1m[34mSELECT pg_advisory_unlock(2313144873462487680)[0m
  ↳ bin/rails:9
  [1m[35m (0.8ms)[0m  [1m[34mSELECT "schema_migrations"."version" FROM "schema_migrations" ORDER BY "schema_migrations"."version" ASC[0m
  ↳ bin/rails:9
  [1m[35m (1.5ms)[0m  [1m[34mSELECT "schema_migrations"."version" FROM "schema_migrations" ORDER BY "schema_migrations"."version" ASC[0m
  ↳ /Users/freckledpapaya/.rbenv/versions/2.5.1/bin/annotate:23
  [1m[36mUser Load (3.6ms)[0m  [1m[34mSELECT "users".* FROM "users"[0m
  [1m[35m (0.3ms)[0m  [1m[35mBEGIN[0m
  [1m[36mUser Exists (0.8ms)[0m  [1m[34mSELECT  1 AS one FROM "users" WHERE "users"."email" IS NULL LIMIT $1[0m  [["LIMIT", 1]]
  [1m[36mUser Exists (1.5ms)[0m  [1m[34mSELECT  1 AS one FROM "users" WHERE "users"."session_token" = $1 LIMIT $2[0m  [["session_token", "97FelV-mC_k1wUXfmQbbQw"], ["LIMIT", 1]]
  [1m[35m (1.4ms)[0m  [1m[31mROLLBACK[0m
  [1m[35m (0.2ms)[0m  [1m[35mBEGIN[0m
  [1m[36mUser Exists (0.5ms)[0m  [1m[34mSELECT  1 AS one FROM "users" WHERE "users"."email" = $1 LIMIT $2[0m  [["email", "maya"], ["LIMIT", 1]]
  [1m[36mUser Exists (0.6ms)[0m  [1m[34mSELECT  1 AS one FROM "users" WHERE "users"."session_token" = $1 LIMIT $2[0m  [["session_token", "97FelV-mC_k1wUXfmQbbQw"], ["LIMIT", 1]]
  [1m[35m (0.3ms)[0m  [1m[31mROLLBACK[0m
  [1m[35m (0.2ms)[0m  [1m[35mBEGIN[0m
  [1m[36mUser Exists (0.6ms)[0m  [1m[34mSELECT  1 AS one FROM "users" WHERE "users"."email" = $1 LIMIT $2[0m  [["email", "maya"], ["LIMIT", 1]]
  [1m[36mUser Exists (0.6ms)[0m  [1m[34mSELECT  1 AS one FROM "users" WHERE "users"."session_token" = $1 LIMIT $2[0m  [["session_token", "$2a$12$Ks3ocWe9KA1C5mn/JxneV.Vzg4VI5mEZyMEpvhUptkM1H/3vms1oi"], ["LIMIT", 1]]
  [1m[35m (0.3ms)[0m  [1m[31mROLLBACK[0m
  [1m[35m (0.4ms)[0m  [1m[35mBEGIN[0m
  [1m[36mUser Exists (0.6ms)[0m  [1m[34mSELECT  1 AS one FROM "users" WHERE "users"."email" = $1 LIMIT $2[0m  [["email", "maya"], ["LIMIT", 1]]
  [1m[36mUser Exists (0.4ms)[0m  [1m[34mSELECT  1 AS one FROM "users" WHERE "users"."session_token" = $1 LIMIT $2[0m  [["session_token", "$2a$12$xj.cQ1TFY59FbNvn62YkdOSjRB6OfuWQxtCo.pNZZh2XF5C5/FCfW"], ["LIMIT", 1]]
  [1m[35m (0.3ms)[0m  [1m[31mROLLBACK[0m
  [1m[35m (0.9ms)[0m  [1m[35mBEGIN[0m
  [1m[36mUser Exists (6.0ms)[0m  [1m[34mSELECT  1 AS one FROM "users" WHERE "users"."email" = $1 LIMIT $2[0m  [["email", "mamy"], ["LIMIT", 1]]
  [1m[36mUser Exists (1.0ms)[0m  [1m[34mSELECT  1 AS one FROM "users" WHERE "users"."session_token" = $1 LIMIT $2[0m  [["session_token", "fcK-7Rcl2DBxwXJMMy46GA"], ["LIMIT", 1]]
  [1m[36mUser Create (4.7ms)[0m  [1m[32mINSERT INTO "users" ("email", "password_digest", "session_token", "created_at", "updated_at") VALUES ($1, $2, $3, $4, $5) RETURNING "id"[0m  [["email", "mamy"], ["password_digest", "$2a$12$ZmIk.qRVVUPmIEQnoblbR./Sa8dJrSfDR.ova1tXXFDyF8nbj3.32"], ["session_token", "fcK-7Rcl2DBxwXJMMy46GA"], ["created_at", "2019-06-29 22:15:46.845486"], ["updated_at", "2019-06-29 22:15:46.845486"]]
  [1m[35m (1.1ms)[0m  [1m[35mCOMMIT[0m
  [1m[36mUser Load (2.7ms)[0m  [1m[34mSELECT  "users".* FROM "users" ORDER BY "users"."id" ASC LIMIT $1[0m  [["LIMIT", 1]]
  [1m[36mUser Load (1.9ms)[0m  [1m[34mSELECT  "users".* FROM "users" WHERE "users"."email" = $1 LIMIT $2[0m  [["email", "mamy"], ["LIMIT", 1]]
Started GET "/" for ::1 at 2019-06-29 15:37:29 -0700
  [1m[35m (3.5ms)[0m  [1m[34mSELECT "schema_migrations"."version" FROM "schema_migrations" ORDER BY "schema_migrations"."version" ASC[0m
  ↳ /Users/freckledpapaya/.rbenv/versions/2.5.1/lib/ruby/gems/2.5.0/gems/activerecord-5.2.3/lib/active_record/log_subscriber.rb:98
Processing by Rails::WelcomeController#index as HTML
  Rendering /Users/freckledpapaya/.rbenv/versions/2.5.1/lib/ruby/gems/2.5.0/gems/railties-5.2.3/lib/rails/templates/rails/welcome/index.html.erb
  Rendered /Users/freckledpapaya/.rbenv/versions/2.5.1/lib/ruby/gems/2.5.0/gems/railties-5.2.3/lib/rails/templates/rails/welcome/index.html.erb (6.4ms)
Completed 200 OK in 63ms (Views: 19.5ms | ActiveRecord: 0.0ms)


Started GET "/" for ::1 at 2019-06-29 15:38:01 -0700
Processing by Rails::WelcomeController#index as HTML
  Rendering /Users/freckledpapaya/.rbenv/versions/2.5.1/lib/ruby/gems/2.5.0/gems/railties-5.2.3/lib/rails/templates/rails/welcome/index.html.erb
  Rendered /Users/freckledpapaya/.rbenv/versions/2.5.1/lib/ruby/gems/2.5.0/gems/railties-5.2.3/lib/rails/templates/rails/welcome/index.html.erb (21.6ms)
Completed 200 OK in 103ms (Views: 65.2ms | ActiveRecord: 0.0ms)


Started GET "/user/1" for ::1 at 2019-06-29 15:38:08 -0700
  
ActionController::RoutingError (No route matches [GET] "/user/1"):
  
actionpack (5.2.3) lib/action_dispatch/middleware/debug_exceptions.rb:65:in `call'
web-console (3.7.0) lib/web_console/middleware.rb:135:in `call_app'
web-console (3.7.0) lib/web_console/middleware.rb:30:in `block in call'
web-console (3.7.0) lib/web_console/middleware.rb:20:in `catch'
web-console (3.7.0) lib/web_console/middleware.rb:20:in `call'
actionpack (5.2.3) lib/action_dispatch/middleware/show_exceptions.rb:33:in `call'
railties (5.2.3) lib/rails/rack/logger.rb:38:in `call_app'
railties (5.2.3) lib/rails/rack/logger.rb:26:in `block in call'
activesupport (5.2.3) lib/active_support/tagged_logging.rb:71:in `block in tagged'
activesupport (5.2.3) lib/active_support/tagged_logging.rb:28:in `tagged'
activesupport (5.2.3) lib/active_support/tagged_logging.rb:71:in `tagged'
railties (5.2.3) lib/rails/rack/logger.rb:26:in `call'
sprockets-rails (3.2.1) lib/sprockets/rails/quiet_assets.rb:13:in `call'
actionpack (5.2.3) lib/action_dispatch/middleware/remote_ip.rb:81:in `call'
actionpack (5.2.3) lib/action_dispatch/middleware/request_id.rb:27:in `call'
rack (2.0.7) lib/rack/method_override.rb:22:in `call'
rack (2.0.7) lib/rack/runtime.rb:22:in `call'
activesupport (5.2.3) lib/active_support/cache/strategy/local_cache_middleware.rb:29:in `call'
actionpack (5.2.3) lib/action_dispatch/middleware/executor.rb:14:in `call'
actionpack (5.2.3) lib/action_dispatch/middleware/static.rb:127:in `call'
rack (2.0.7) lib/rack/sendfile.rb:111:in `call'
railties (5.2.3) lib/rails/engine.rb:524:in `call'
puma (3.12.1) lib/puma/configuration.rb:227:in `call'
puma (3.12.1) lib/puma/server.rb:660:in `handle_request'
puma (3.12.1) lib/puma/server.rb:474:in `process_client'
puma (3.12.1) lib/puma/server.rb:334:in `block in run'
puma (3.12.1) lib/puma/thread_pool.rb:135:in `block in spawn_thread'
Started GET "/new_user" for ::1 at 2019-06-29 15:38:58 -0700
  
ActionController::RoutingError (No route matches [GET] "/new_user"):
  
actionpack (5.2.3) lib/action_dispatch/middleware/debug_exceptions.rb:65:in `call'
web-console (3.7.0) lib/web_console/middleware.rb:135:in `call_app'
web-console (3.7.0) lib/web_console/middleware.rb:30:in `block in call'
web-console (3.7.0) lib/web_console/middleware.rb:20:in `catch'
web-console (3.7.0) lib/web_console/middleware.rb:20:in `call'
actionpack (5.2.3) lib/action_dispatch/middleware/show_exceptions.rb:33:in `call'
railties (5.2.3) lib/rails/rack/logger.rb:38:in `call_app'
railties (5.2.3) lib/rails/rack/logger.rb:26:in `block in call'
activesupport (5.2.3) lib/active_support/tagged_logging.rb:71:in `block in tagged'
activesupport (5.2.3) lib/active_support/tagged_logging.rb:28:in `tagged'
activesupport (5.2.3) lib/active_support/tagged_logging.rb:71:in `tagged'
railties (5.2.3) lib/rails/rack/logger.rb:26:in `call'
sprockets-rails (3.2.1) lib/sprockets/rails/quiet_assets.rb:13:in `call'
actionpack (5.2.3) lib/action_dispatch/middleware/remote_ip.rb:81:in `call'
actionpack (5.2.3) lib/action_dispatch/middleware/request_id.rb:27:in `call'
rack (2.0.7) lib/rack/method_override.rb:22:in `call'
rack (2.0.7) lib/rack/runtime.rb:22:in `call'
activesupport (5.2.3) lib/active_support/cache/strategy/local_cache_middleware.rb:29:in `call'
actionpack (5.2.3) lib/action_dispatch/middleware/executor.rb:14:in `call'
actionpack (5.2.3) lib/action_dispatch/middleware/static.rb:127:in `call'
rack (2.0.7) lib/rack/sendfile.rb:111:in `call'
railties (5.2.3) lib/rails/engine.rb:524:in `call'
puma (3.12.1) lib/puma/configuration.rb:227:in `call'
puma (3.12.1) lib/puma/server.rb:660:in `handle_request'
puma (3.12.1) lib/puma/server.rb:474:in `process_client'
puma (3.12.1) lib/puma/server.rb:334:in `block in run'
puma (3.12.1) lib/puma/thread_pool.rb:135:in `block in spawn_thread'
Started GET "/users/new" for ::1 at 2019-06-29 15:39:24 -0700
Processing by UsersController#new as */*
  Rendering users/new.html.erb within layouts/application
  Rendered users/new.html.erb within layouts/application (0.6ms)
Completed 200 OK in 2180ms (Views: 2060.5ms | ActiveRecord: 76.2ms)


Started POST "/users/new?user[email]=maya&user[password]=[FILTERED]" for ::1 at 2019-06-29 15:39:51 -0700
  
ActionController::RoutingError (No route matches [POST] "/users/new"):
  
actionpack (5.2.3) lib/action_dispatch/middleware/debug_exceptions.rb:65:in `call'
web-console (3.7.0) lib/web_console/middleware.rb:135:in `call_app'
web-console (3.7.0) lib/web_console/middleware.rb:30:in `block in call'
web-console (3.7.0) lib/web_console/middleware.rb:20:in `catch'
web-console (3.7.0) lib/web_console/middleware.rb:20:in `call'
actionpack (5.2.3) lib/action_dispatch/middleware/show_exceptions.rb:33:in `call'
railties (5.2.3) lib/rails/rack/logger.rb:38:in `call_app'
railties (5.2.3) lib/rails/rack/logger.rb:26:in `block in call'
activesupport (5.2.3) lib/active_support/tagged_logging.rb:71:in `block in tagged'
activesupport (5.2.3) lib/active_support/tagged_logging.rb:28:in `tagged'
activesupport (5.2.3) lib/active_support/tagged_logging.rb:71:in `tagged'
railties (5.2.3) lib/rails/rack/logger.rb:26:in `call'
sprockets-rails (3.2.1) lib/sprockets/rails/quiet_assets.rb:13:in `call'
actionpack (5.2.3) lib/action_dispatch/middleware/remote_ip.rb:81:in `call'
actionpack (5.2.3) lib/action_dispatch/middleware/request_id.rb:27:in `call'
rack (2.0.7) lib/rack/method_override.rb:22:in `call'
rack (2.0.7) lib/rack/runtime.rb:22:in `call'
activesupport (5.2.3) lib/active_support/cache/strategy/local_cache_middleware.rb:29:in `call'
actionpack (5.2.3) lib/action_dispatch/middleware/executor.rb:14:in `call'
actionpack (5.2.3) lib/action_dispatch/middleware/static.rb:127:in `call'
rack (2.0.7) lib/rack/sendfile.rb:111:in `call'
railties (5.2.3) lib/rails/engine.rb:524:in `call'
puma (3.12.1) lib/puma/configuration.rb:227:in `call'
puma (3.12.1) lib/puma/server.rb:660:in `handle_request'
puma (3.12.1) lib/puma/server.rb:474:in `process_client'
puma (3.12.1) lib/puma/server.rb:334:in `block in run'
puma (3.12.1) lib/puma/thread_pool.rb:135:in `block in spawn_thread'
Started POST "/users?user[email]=maya&user[password]=[FILTERED]" for ::1 at 2019-06-29 15:39:59 -0700
Processing by UsersController#create as */*
  Parameters: {"user"=>{"email"=>"maya", "password"=>"[FILTERED]"}}
Can't verify CSRF token authenticity.
Completed 422 Unprocessable Entity in 3ms (ActiveRecord: 0.0ms)



ActionController::InvalidAuthenticityToken - ActionController::InvalidAuthenticityToken:

Started POST "/users?user[email]=maya&user[password]=[FILTERED]" for ::1 at 2019-06-29 15:41:06 -0700

ArgumentError - Before process_action callback :protect_from_forgery has not been defined:
  app/controllers/application_controller.rb:2:in `<class:ApplicationController>'
  app/controllers/application_controller.rb:1:in `<top (required)>'
  app/controllers/users_controller.rb:1:in `<top (required)>'

Started POST "/users?user[email]=maya&user[password]=[FILTERED]" for ::1 at 2019-06-29 15:43:21 -0700
Processing by UsersController#create as */*
  Parameters: {"user"=>{"email"=>"maya", "password"=>"[FILTERED]"}}
Can't verify CSRF token authenticity.
Completed 422 Unprocessable Entity in 12ms (ActiveRecord: 0.0ms)



ActionController::InvalidAuthenticityToken - ActionController::InvalidAuthenticityToken:

Started POST "/users?user[email]=maya&user[password]=[FILTERED]" for ::1 at 2019-06-29 15:44:02 -0700
Processing by UsersController#create as */*
  Parameters: {"user"=>{"email"=>"maya", "password"=>"[FILTERED]"}}
Unpermitted parameter: :email
Unpermitted parameter: :email
Completed 500 Internal Server Error in 122ms (ActiveRecord: 86.5ms)



ActiveModel::UnknownAttributeError - unknown attribute 'username' for User.:
  app/controllers/users_controller.rb:8:in `create'

Started POST "/users?user[email]=maya&user[password]=[FILTERED]" for ::1 at 2019-06-29 15:44:19 -0700
Processing by UsersController#create as */*
  Parameters: {"user"=>{"email"=>"maya", "password"=>"[FILTERED]"}}
Unpermitted parameter: :email
Unpermitted parameter: :email
  [1m[35m (3.9ms)[0m  [1m[35mBEGIN[0m
  ↳ app/controllers/users_controller.rb:13
  [1m[36mUser Exists (11.2ms)[0m  [1m[34mSELECT  1 AS one FROM "users" WHERE "users"."email" IS NULL LIMIT $1[0m  [["LIMIT", 1]]
  ↳ app/controllers/users_controller.rb:13
  [1m[36mUser Exists (4.1ms)[0m  [1m[34mSELECT  1 AS one FROM "users" WHERE "users"."session_token" = $1 LIMIT $2[0m  [["session_token", "FXQSy4RUG5nBhGemRgCYPg"], ["LIMIT", 1]]
  ↳ app/controllers/users_controller.rb:13
  [1m[35m (1.6ms)[0m  [1m[31mROLLBACK[0m
  ↳ app/controllers/users_controller.rb:13
  Rendering users/new.html.erb within layouts/application
  Rendered users/new.html.erb within layouts/application (0.5ms)
Completed 200 OK in 672ms (Views: 145.7ms | ActiveRecord: 29.3ms)


  [1m[36mUser Load (5.5ms)[0m  [1m[34mSELECT "users".* FROM "users"[0m
Started POST "/users?user[email]=maya&user[password]=[FILTERED]" for ::1 at 2019-06-29 15:45:34 -0700
Processing by UsersController#create as */*
  Parameters: {"user"=>{"email"=>"maya", "password"=>"[FILTERED]"}}
Unpermitted parameter: :email
Unpermitted parameter: :email
  [1m[35m (0.2ms)[0m  [1m[35mBEGIN[0m
  ↳ app/controllers/users_controller.rb:13
  [1m[36mUser Exists (0.5ms)[0m  [1m[34mSELECT  1 AS one FROM "users" WHERE "users"."email" IS NULL LIMIT $1[0m  [["LIMIT", 1]]
  ↳ app/controllers/users_controller.rb:13
  [1m[36mUser Exists (0.5ms)[0m  [1m[34mSELECT  1 AS one FROM "users" WHERE "users"."session_token" = $1 LIMIT $2[0m  [["session_token", "hn03CILQwPZAxwI029xdMw"], ["LIMIT", 1]]
  ↳ app/controllers/users_controller.rb:13
  [1m[35m (0.3ms)[0m  [1m[31mROLLBACK[0m
  ↳ app/controllers/users_controller.rb:13
  Rendering users/new.html.erb within layouts/application
  Rendered users/new.html.erb within layouts/application (0.9ms)
Completed 200 OK in 502ms (Views: 137.0ms | ActiveRecord: 8.6ms)


Started POST "/users?user[email]=maya&user[password]=[FILTERED]" for ::1 at 2019-06-29 15:47:11 -0700
Processing by UsersController#create as */*
  Parameters: {"user"=>{"email"=>"maya", "password"=>"[FILTERED]"}}
Unpermitted parameter: :email
Unpermitted parameter: :email
  [1m[35m (0.3ms)[0m  [1m[35mBEGIN[0m
  ↳ app/controllers/users_controller.rb:13
  [1m[36mUser Exists (0.5ms)[0m  [1m[34mSELECT  1 AS one FROM "users" WHERE "users"."email" IS NULL LIMIT $1[0m  [["LIMIT", 1]]
  ↳ app/controllers/users_controller.rb:13
  [1m[36mUser Exists (0.7ms)[0m  [1m[34mSELECT  1 AS one FROM "users" WHERE "users"."session_token" = $1 LIMIT $2[0m  [["session_token", "qeSnOZotZdpldXoM89QZRA"], ["LIMIT", 1]]
  ↳ app/controllers/users_controller.rb:13
  [1m[35m (0.3ms)[0m  [1m[31mROLLBACK[0m
  ↳ app/controllers/users_controller.rb:13
  Rendering users/new.html.erb within layouts/application
  Rendered users/new.html.erb within layouts/application (0.7ms)
Completed 200 OK in 530ms (Views: 168.0ms | ActiveRecord: 1.7ms)


Started POST "/users?users[email]=maya&users[password]=[FILTERED]" for ::1 at 2019-06-29 15:47:47 -0700
Processing by UsersController#create as */*
  Parameters: {"users"=>{"email"=>"maya", "password"=>"[FILTERED]"}}
Completed 400 Bad Request in 5ms (ActiveRecord: 0.0ms)



ActionController::ParameterMissing - param is missing or the value is empty: user:
  app/controllers/users_controller.rb:30:in `user_params'
  app/controllers/users_controller.rb:9:in `create'

Started POST "/users?user[email]=maya&user[password]=[FILTERED]" for ::1 at 2019-06-29 15:49:48 -0700
Processing by UsersController#create as */*
  Parameters: {"user"=>{"email"=>"maya", "password"=>"[FILTERED]"}}
Unpermitted parameter: :email
Completed 500 Internal Server Error in 12ms (ActiveRecord: 0.0ms)



NoMethodError - undefined method `[]' for nil:NilClass:
  app/controllers/users_controller.rb:9:in `create'

Started POST "/users?user[email]=maya&user[password]=[FILTERED]" for ::1 at 2019-06-29 15:50:36 -0700

SyntaxError - syntax error, unexpected tIDENTIFIER, expecting ')'
      email: user_params[:email],
      ^~~~~
/Users/freckledpapaya/Desktop/Full Stack/Activistbrite/app/controllers/users_controller.rb:11: syntax error, unexpected tLABEL, expecting '='
      password: user_params[:password]
      ^~~~~~~~~
/Users/freckledpapaya/Desktop/Full Stack/Activistbrite/app/controllers/users_controller.rb:12: syntax error, unexpected ')', expecting keyword_end
    )
    ^:
  app/controllers/users_controller.rb:10:in `'

Started POST "/users?user[email]=maya&user[password]=[FILTERED]" for ::1 at 2019-06-29 15:51:05 -0700

SyntaxError - syntax error, unexpected tIDENTIFIER, expecting ')'
      email: user_params[:email],
      ^~~~~
/Users/freckledpapaya/Desktop/Full Stack/Activistbrite/app/controllers/users_controller.rb:13: syntax error, unexpected tLABEL, expecting '='
      password: user_params[:password]
      ^~~~~~~~~
/Users/freckledpapaya/Desktop/Full Stack/Activistbrite/app/controllers/users_controller.rb:14: syntax error, unexpected ')', expecting keyword_end
    )
    ^:
  app/controllers/users_controller.rb:12:in `'

Started POST "/users?user[email]=maya&user[password]=[FILTERED]" for ::1 at 2019-06-29 15:51:20 -0700
Processing by UsersController#create as */*
  Parameters: {"user"=>{"email"=>"maya", "password"=>"[FILTERED]"}}
Unpermitted parameter: :email
Unpermitted parameter: :email
  [1m[35m (0.3ms)[0m  [1m[35mBEGIN[0m
  ↳ app/controllers/users_controller.rb:13
  [1m[36mUser Exists (0.5ms)[0m  [1m[34mSELECT  1 AS one FROM "users" WHERE "users"."email" IS NULL LIMIT $1[0m  [["LIMIT", 1]]
  ↳ app/controllers/users_controller.rb:13
  [1m[36mUser Exists (2.0ms)[0m  [1m[34mSELECT  1 AS one FROM "users" WHERE "users"."session_token" = $1 LIMIT $2[0m  [["session_token", "SZT_V8S8JjGLUOte92sokw"], ["LIMIT", 1]]
  ↳ app/controllers/users_controller.rb:13
  [1m[35m (0.3ms)[0m  [1m[31mROLLBACK[0m
  ↳ app/controllers/users_controller.rb:13
  Rendering users/new.html.erb within layouts/application
  Rendered users/new.html.erb within layouts/application (2.1ms)
Completed 200 OK in 603ms (Views: 215.0ms | ActiveRecord: 15.2ms)


Started POST "/users?user[email]=maya&user[password]=[FILTERED]" for ::1 at 2019-06-29 15:54:17 -0700
Processing by UsersController#create as */*
  Parameters: {"user"=>{"email"=>"maya", "password"=>"[FILTERED]"}}
  [1m[35m (1.5ms)[0m  [1m[35mBEGIN[0m
  ↳ app/controllers/users_controller.rb:13
  [1m[36mUser Exists (2.6ms)[0m  [1m[34mSELECT  1 AS one FROM "users" WHERE "users"."email" = $1 LIMIT $2[0m  [["email", "maya"], ["LIMIT", 1]]
  ↳ app/controllers/users_controller.rb:13
  [1m[36mUser Exists (0.6ms)[0m  [1m[34mSELECT  1 AS one FROM "users" WHERE "users"."session_token" = $1 LIMIT $2[0m  [["session_token", "YPHdb4JFv3KpeJhrrzNdvQ"], ["LIMIT", 1]]
  ↳ app/controllers/users_controller.rb:13
  [1m[36mUser Create (11.5ms)[0m  [1m[32mINSERT INTO "users" ("email", "password_digest", "session_token", "created_at", "updated_at") VALUES ($1, $2, $3, $4, $5) RETURNING "id"[0m  [["email", "maya"], ["password_digest", "$2a$12$/xlgcDVHe6AZ.i4nTYZ47OP0qf.0cZludQjDOhf1lOmcIZdLrxA62"], ["session_token", "YPHdb4JFv3KpeJhrrzNdvQ"], ["created_at", "2019-06-29 22:54:18.355977"], ["updated_at", "2019-06-29 22:54:18.355977"]]
  ↳ app/controllers/users_controller.rb:13
  [1m[35m (2.8ms)[0m  [1m[35mCOMMIT[0m
  ↳ app/controllers/users_controller.rb:13
Completed 500 Internal Server Error in 727ms (ActiveRecord: 100.0ms)



NameError - undefined local variable or method `user' for #<UsersController:0x00007fe91b388e78>:
  app/controllers/users_controller.rb:14:in `create'

Started POST "/users?user[email]=maya&user[password]=[FILTERED]" for ::1 at 2019-06-29 15:54:44 -0700
Processing by UsersController#create as */*
  Parameters: {"user"=>{"email"=>"maya", "password"=>"[FILTERED]"}}
  [1m[35m (0.3ms)[0m  [1m[35mBEGIN[0m
  ↳ app/controllers/users_controller.rb:13
  [1m[36mUser Exists (4.4ms)[0m  [1m[34mSELECT  1 AS one FROM "users" WHERE "users"."email" = $1 LIMIT $2[0m  [["email", "maya"], ["LIMIT", 1]]
  ↳ app/controllers/users_controller.rb:13
  [1m[36mUser Exists (0.6ms)[0m  [1m[34mSELECT  1 AS one FROM "users" WHERE "users"."session_token" = $1 LIMIT $2[0m  [["session_token", "Ab0lWydMDyAjAP3PDdI9qw"], ["LIMIT", 1]]
  ↳ app/controllers/users_controller.rb:13
  [1m[35m (0.6ms)[0m  [1m[31mROLLBACK[0m
  ↳ app/controllers/users_controller.rb:13
  Rendering users/new.html.erb within layouts/application
  Rendered users/new.html.erb within layouts/application (1.4ms)
Completed 200 OK in 556ms (Views: 162.6ms | ActiveRecord: 21.2ms)


  [1m[36mUser Load (4.4ms)[0m  [1m[34mSELECT "users".* FROM "users"[0m
Started POST "/users?user[email]=abbie&user[password]=[FILTERED]" for ::1 at 2019-06-29 15:55:20 -0700
Processing by UsersController#create as */*
  Parameters: {"user"=>{"email"=>"abbie", "password"=>"[FILTERED]"}}
  [1m[35m (0.7ms)[0m  [1m[35mBEGIN[0m
  ↳ app/controllers/users_controller.rb:13
  [1m[36mUser Exists (1.7ms)[0m  [1m[34mSELECT  1 AS one FROM "users" WHERE "users"."email" = $1 LIMIT $2[0m  [["email", "abbie"], ["LIMIT", 1]]
  ↳ app/controllers/users_controller.rb:13
  [1m[36mUser Exists (0.7ms)[0m  [1m[34mSELECT  1 AS one FROM "users" WHERE "users"."session_token" = $1 LIMIT $2[0m  [["session_token", "A3PttRUp_ysN6dRCV0OAkQ"], ["LIMIT", 1]]
  ↳ app/controllers/users_controller.rb:13
  [1m[36mUser Create (1.7ms)[0m  [1m[32mINSERT INTO "users" ("email", "password_digest", "session_token", "created_at", "updated_at") VALUES ($1, $2, $3, $4, $5) RETURNING "id"[0m  [["email", "abbie"], ["password_digest", "$2a$12$q1KHSuCXmW4k.yiCHnxK9.nFxwqM25DC2srmi0iX8ur1NXwNVNigS"], ["session_token", "A3PttRUp_ysN6dRCV0OAkQ"], ["created_at", "2019-06-29 22:55:20.620251"], ["updated_at", "2019-06-29 22:55:20.620251"]]
  ↳ app/controllers/users_controller.rb:13
  [1m[35m (2.3ms)[0m  [1m[35mCOMMIT[0m
  ↳ app/controllers/users_controller.rb:13
  [1m[35m (0.3ms)[0m  [1m[35mBEGIN[0m
  ↳ app/models/user.rb:44
  [1m[36mUser Exists (3.4ms)[0m  [1m[34mSELECT  1 AS one FROM "users" WHERE "users"."email" = $1 AND "users"."id" != $2 LIMIT $3[0m  [["email", "abbie"], ["id", 3], ["LIMIT", 1]]
  ↳ app/models/user.rb:44
  [1m[36mUser Exists (0.8ms)[0m  [1m[34mSELECT  1 AS one FROM "users" WHERE "users"."session_token" = $1 AND "users"."id" != $2 LIMIT $3[0m  [["session_token", "-nBSkp1Z404ukhMMiz-gtQ"], ["id", 3], ["LIMIT", 1]]
  ↳ app/models/user.rb:44
  [1m[36mUser Update (3.5ms)[0m  [1m[33mUPDATE "users" SET "session_token" = $1, "updated_at" = $2 WHERE "users"."id" = $3[0m  [["session_token", "-nBSkp1Z404ukhMMiz-gtQ"], ["updated_at", "2019-06-29 22:55:20.648137"], ["id", 3]]
  ↳ app/models/user.rb:44
  [1m[35m (0.6ms)[0m  [1m[35mCOMMIT[0m
  ↳ app/models/user.rb:44
Completed 500 Internal Server Error in 687ms (ActiveRecord: 15.7ms)



NoMethodError - undefined method `session_token=' for #<ActionDispatch::Request::Session:0x00007fe915f0dd08>:
  app/controllers/application_controller.rb:19:in `login!'
  app/controllers/users_controller.rb:14:in `create'

Started POST "/users?user[email]=abbie&user[password]=[FILTERED]" for ::1 at 2019-06-29 15:57:02 -0700
Processing by UsersController#create as */*
  Parameters: {"user"=>{"email"=>"abbie", "password"=>"[FILTERED]"}}
Can't verify CSRF token authenticity.
Completed 422 Unprocessable Entity in 5ms (ActiveRecord: 0.0ms)



ActionController::InvalidAuthenticityToken - ActionController::InvalidAuthenticityToken:

Started POST "/users?user[email]=abbie&user[password]=[FILTERED]" for ::1 at 2019-06-29 15:58:14 -0700
Processing by UsersController#create as */*
  Parameters: {"user"=>{"email"=>"abbie", "password"=>"[FILTERED]"}}
  [1m[35m (0.3ms)[0m  [1m[35mBEGIN[0m
  ↳ app/controllers/users_controller.rb:13
  [1m[36mUser Exists (0.9ms)[0m  [1m[34mSELECT  1 AS one FROM "users" WHERE "users"."email" = $1 LIMIT $2[0m  [["email", "abbie"], ["LIMIT", 1]]
  ↳ app/controllers/users_controller.rb:13
  [1m[36mUser Exists (0.6ms)[0m  [1m[34mSELECT  1 AS one FROM "users" WHERE "users"."session_token" = $1 LIMIT $2[0m  [["session_token", "p_8QWxp0__2rITiCT4YyRg"], ["LIMIT", 1]]
  ↳ app/controllers/users_controller.rb:13
  [1m[35m (0.3ms)[0m  [1m[31mROLLBACK[0m
  ↳ app/controllers/users_controller.rb:13
  Rendering users/new.html.erb within layouts/application
  Rendered users/new.html.erb within layouts/application (0.8ms)
Completed 200 OK in 552ms (Views: 174.3ms | ActiveRecord: 13.0ms)


Started POST "/users?user[email]=audrey&user[password]=[FILTERED]" for ::1 at 2019-06-29 15:58:43 -0700
Processing by UsersController#create as */*
  Parameters: {"user"=>{"email"=>"audrey", "password"=>"[FILTERED]"}}
  [1m[35m (0.2ms)[0m  [1m[35mBEGIN[0m
  ↳ app/controllers/users_controller.rb:13
  [1m[36mUser Exists (0.8ms)[0m  [1m[34mSELECT  1 AS one FROM "users" WHERE "users"."email" = $1 LIMIT $2[0m  [["email", "audrey"], ["LIMIT", 1]]
  ↳ app/controllers/users_controller.rb:13
  [1m[36mUser Exists (0.5ms)[0m  [1m[34mSELECT  1 AS one FROM "users" WHERE "users"."session_token" = $1 LIMIT $2[0m  [["session_token", "ZH3yIifmZUjf7lrl2nU04A"], ["LIMIT", 1]]
  ↳ app/controllers/users_controller.rb:13
  [1m[36mUser Create (1.0ms)[0m  [1m[32mINSERT INTO "users" ("email", "password_digest", "session_token", "created_at", "updated_at") VALUES ($1, $2, $3, $4, $5) RETURNING "id"[0m  [["email", "audrey"], ["password_digest", "$2a$12$Uo9oYs3BVTGikeJ/72bqX.U5FmECk2PUXHWDqAiXWSUSfCEkvmhya"], ["session_token", "ZH3yIifmZUjf7lrl2nU04A"], ["created_at", "2019-06-29 22:58:44.029810"], ["updated_at", "2019-06-29 22:58:44.029810"]]
  ↳ app/controllers/users_controller.rb:13
  [1m[35m (2.6ms)[0m  [1m[35mCOMMIT[0m
  ↳ app/controllers/users_controller.rb:13
  [1m[35m (0.2ms)[0m  [1m[35mBEGIN[0m
  ↳ app/models/user.rb:44
  [1m[36mUser Exists (0.6ms)[0m  [1m[34mSELECT  1 AS one FROM "users" WHERE "users"."email" = $1 AND "users"."id" != $2 LIMIT $3[0m  [["email", "audrey"], ["id", 4], ["LIMIT", 1]]
  ↳ app/models/user.rb:44
  [1m[36mUser Exists (0.7ms)[0m  [1m[34mSELECT  1 AS one FROM "users" WHERE "users"."session_token" = $1 AND "users"."id" != $2 LIMIT $3[0m  [["session_token", "7w86GfApUhjKaw8Fg5Iafw"], ["id", 4], ["LIMIT", 1]]
  ↳ app/models/user.rb:44
  [1m[36mUser Update (0.7ms)[0m  [1m[33mUPDATE "users" SET "session_token" = $1, "updated_at" = $2 WHERE "users"."id" = $3[0m  [["session_token", "7w86GfApUhjKaw8Fg5Iafw"], ["updated_at", "2019-06-29 22:58:44.042258"], ["id", 4]]
  ↳ app/models/user.rb:44
  [1m[35m (0.5ms)[0m  [1m[35mCOMMIT[0m
  ↳ app/models/user.rb:44
Redirected to http://localhost:3000/users/4
Completed 302 Found in 360ms (ActiveRecord: 7.8ms)


Started GET "/users/4" for ::1 at 2019-06-29 15:58:44 -0700
Processing by UsersController#show as */*
  Parameters: {"id"=>"4"}
Completed 200 OK in 1ms (Views: 0.2ms | ActiveRecord: 0.0ms)


Started GET "/session/new" for ::1 at 2019-06-29 15:58:58 -0700
Processing by SessionsController#new as */*
  Rendering sessions/new.html.erb within layouts/application
  Rendered sessions/new.html.erb within layouts/application (0.7ms)
Completed 200 OK in 202ms (Views: 200.4ms | ActiveRecord: 0.0ms)


Started POST "/session?user[email]=abbie&user[password]=[FILTERED]" for ::1 at 2019-06-29 15:59:51 -0700
Processing by SessionsController#create as */*
  Parameters: {"user"=>{"email"=>"abbie", "password"=>"[FILTERED]"}}
Completed 500 Internal Server Error in 2ms (ActiveRecord: 0.0ms)



ArgumentError - wrong number of arguments (given 1, expected 2):
  app/models/user.rb:22:in `find_by_credentials'
  app/controllers/sessions_controller.rb:8:in `create'

Started POST "/session?user[email]=abbie&user[password]=[FILTERED]" for ::1 at 2019-06-29 16:00:52 -0700
Processing by SessionsController#create as */*
  Parameters: {"user"=>{"email"=>"abbie", "password"=>"[FILTERED]"}}
  [1m[36mUser Load (0.9ms)[0m  [1m[34mSELECT  "users".* FROM "users" WHERE "users"."email" = $1 LIMIT $2[0m  [["email", "abbie"], ["LIMIT", 1]]
  ↳ app/models/user.rb:23
Completed 500 Internal Server Error in 544ms (ActiveRecord: 16.7ms)



NameError - undefined local variable or method `user' for #<SessionsController:0x00007fe919c042c0>:
  app/controllers/sessions_controller.rb:14:in `create'

Started POST "/session?user[email]=abbie&user[password]=[FILTERED]" for ::1 at 2019-06-29 16:01:07 -0700
Processing by SessionsController#create as */*
  Parameters: {"user"=>{"email"=>"abbie", "password"=>"[FILTERED]"}}
  [1m[36mUser Load (1.0ms)[0m  [1m[34mSELECT  "users".* FROM "users" WHERE "users"."email" = $1 LIMIT $2[0m  [["email", "abbie"], ["LIMIT", 1]]
  ↳ app/models/user.rb:23
  [1m[35m (0.3ms)[0m  [1m[35mBEGIN[0m
  ↳ app/models/user.rb:44
  [1m[36mUser Exists (0.6ms)[0m  [1m[34mSELECT  1 AS one FROM "users" WHERE "users"."email" = $1 AND "users"."id" != $2 LIMIT $3[0m  [["email", "abbie"], ["id", 3], ["LIMIT", 1]]
  ↳ app/models/user.rb:44
  [1m[36mUser Exists (0.5ms)[0m  [1m[34mSELECT  1 AS one FROM "users" WHERE "users"."session_token" = $1 AND "users"."id" != $2 LIMIT $3[0m  [["session_token", "raidq6foCRsclHzCLtcSUw"], ["id", 3], ["LIMIT", 1]]
  ↳ app/models/user.rb:44
  [1m[36mUser Update (0.6ms)[0m  [1m[33mUPDATE "users" SET "session_token" = $1, "updated_at" = $2 WHERE "users"."id" = $3[0m  [["session_token", "raidq6foCRsclHzCLtcSUw"], ["updated_at", "2019-06-29 23:01:08.208427"], ["id", 3]]
  ↳ app/models/user.rb:44
  [1m[35m (0.9ms)[0m  [1m[35mCOMMIT[0m
  ↳ app/models/user.rb:44
Redirected to http://localhost:3000/users/3
Completed 302 Found in 401ms (ActiveRecord: 16.9ms)


Started GET "/users/3" for ::1 at 2019-06-29 16:01:08 -0700
Processing by UsersController#show as */*
  Parameters: {"id"=>"3"}
Completed 200 OK in 1ms (Views: 0.3ms | ActiveRecord: 0.0ms)


Started POST "/session?user[email]=maya&user[password]=[FILTERED]" for ::1 at 2019-06-29 16:01:28 -0700
Processing by SessionsController#create as */*
  Parameters: {"user"=>{"email"=>"maya", "password"=>"[FILTERED]"}}
  [1m[36mUser Load (0.8ms)[0m  [1m[34mSELECT  "users".* FROM "users" WHERE "users"."email" = $1 LIMIT $2[0m  [["email", "maya"], ["LIMIT", 1]]
  ↳ app/models/user.rb:23
  [1m[35m (0.3ms)[0m  [1m[35mBEGIN[0m
  ↳ app/models/user.rb:44
  [1m[36mUser Exists (0.7ms)[0m  [1m[34mSELECT  1 AS one FROM "users" WHERE "users"."email" = $1 AND "users"."id" != $2 LIMIT $3[0m  [["email", "maya"], ["id", 2], ["LIMIT", 1]]
  ↳ app/models/user.rb:44
  [1m[36mUser Exists (0.5ms)[0m  [1m[34mSELECT  1 AS one FROM "users" WHERE "users"."session_token" = $1 AND "users"."id" != $2 LIMIT $3[0m  [["session_token", "OWW1z-JYQUjic9gN0JT4vw"], ["id", 2], ["LIMIT", 1]]
  ↳ app/models/user.rb:44
  [1m[36mUser Update (0.6ms)[0m  [1m[33mUPDATE "users" SET "session_token" = $1, "updated_at" = $2 WHERE "users"."id" = $3[0m  [["session_token", "OWW1z-JYQUjic9gN0JT4vw"], ["updated_at", "2019-06-29 23:01:29.201783"], ["id", 2]]
  ↳ app/models/user.rb:44
  [1m[35m (0.5ms)[0m  [1m[35mCOMMIT[0m
  ↳ app/models/user.rb:44
Redirected to http://localhost:3000/users/2
Completed 302 Found in 384ms (ActiveRecord: 3.3ms)


Started GET "/users/2" for ::1 at 2019-06-29 16:01:29 -0700
Processing by UsersController#show as */*
  Parameters: {"id"=>"2"}
Completed 200 OK in 1ms (Views: 0.1ms | ActiveRecord: 0.0ms)


